2020-07-24 14:08:27,291 INFO 59187 [egg-schedule]: register schedule /Users/emmachen/private/react/template-react-egg2/node_modules/egg-multipart/app/schedule/clean_tmpdir.js
2020-07-24 14:08:27,291 INFO 59187 [egg-schedule]: register schedule /Users/emmachen/private/react/template-react-egg2/node_modules/egg-logrotator/app/schedule/clean_log.js
2020-07-24 14:08:27,291 INFO 59187 [egg-schedule]: register schedule /Users/emmachen/private/react/template-react-egg2/node_modules/egg-logrotator/app/schedule/rotate_by_file.js
2020-07-24 14:08:30,043 INFO 59175 [Timer] /Users/emmachen/private/react/template-react-egg2/node_modules/egg-multipart/app/schedule/clean_tmpdir.js next time will execute after 51689961ms at 2020-07-25 04:30:00.004
2020-07-24 14:08:30,044 INFO 59175 [Timer] /Users/emmachen/private/react/template-react-egg2/node_modules/egg-logrotator/app/schedule/clean_log.js next time will execute after 35489956ms at 2020-07-25 00:00:00.000
2020-07-24 14:08:30,044 INFO 59175 [Timer] /Users/emmachen/private/react/template-react-egg2/node_modules/egg-logrotator/app/schedule/rotate_by_file.js next time will execute after 35490956ms at 2020-07-25 00:00:01.000
2020-07-24 14:18:20,967 INFO 60246 [Timer] /Users/emmachen/private/react/template-react-egg2/node_modules/egg-multipart/app/schedule/clean_tmpdir.js next time will execute after 51099037ms at 2020-07-25 04:30:00.004
2020-07-24 14:18:20,968 INFO 60246 [Timer] /Users/emmachen/private/react/template-react-egg2/node_modules/egg-logrotator/app/schedule/clean_log.js next time will execute after 34899032ms at 2020-07-25 00:00:00.000
2020-07-24 14:18:20,968 INFO 60246 [Timer] /Users/emmachen/private/react/template-react-egg2/node_modules/egg-logrotator/app/schedule/rotate_by_file.js next time will execute after 34900032ms at 2020-07-25 00:00:01.000
2020-07-24 14:18:20,849 INFO 60250 [egg-schedule]: register schedule /Users/emmachen/private/react/template-react-egg2/node_modules/egg-multipart/app/schedule/clean_tmpdir.js
2020-07-24 14:18:20,849 INFO 60250 [egg-schedule]: register schedule /Users/emmachen/private/react/template-react-egg2/node_modules/egg-logrotator/app/schedule/clean_log.js
2020-07-24 14:18:20,850 INFO 60250 [egg-schedule]: register schedule /Users/emmachen/private/react/template-react-egg2/node_modules/egg-logrotator/app/schedule/rotate_by_file.js
2020-07-24 14:47:11,416 INFO 63367 [egg-schedule]: register schedule /Users/emmachen/private/react/template-react-egg2/node_modules/egg-multipart/app/schedule/clean_tmpdir.js
2020-07-24 14:47:11,416 INFO 63367 [egg-schedule]: register schedule /Users/emmachen/private/react/template-react-egg2/node_modules/egg-logrotator/app/schedule/clean_log.js
2020-07-24 14:47:11,416 INFO 63367 [egg-schedule]: register schedule /Users/emmachen/private/react/template-react-egg2/node_modules/egg-logrotator/app/schedule/rotate_by_file.js
2020-07-24 14:48:36,904 INFO 63604 [egg-schedule]: register schedule /Users/emmachen/private/react/template-react-egg2/node_modules/egg-multipart/app/schedule/clean_tmpdir.js
2020-07-24 14:48:36,904 INFO 63604 [egg-schedule]: register schedule /Users/emmachen/private/react/template-react-egg2/node_modules/egg-logrotator/app/schedule/clean_log.js
2020-07-24 14:48:36,904 INFO 63604 [egg-schedule]: register schedule /Users/emmachen/private/react/template-react-egg2/node_modules/egg-logrotator/app/schedule/rotate_by_file.js
2020-07-24 14:48:38,183 INFO 63606 [egg-schedule]: register schedule /Users/emmachen/private/react/template-react-egg2/node_modules/egg-multipart/app/schedule/clean_tmpdir.js
2020-07-24 14:48:38,183 INFO 63606 [egg-schedule]: register schedule /Users/emmachen/private/react/template-react-egg2/node_modules/egg-logrotator/app/schedule/clean_log.js
2020-07-24 14:48:38,183 INFO 63606 [egg-schedule]: register schedule /Users/emmachen/private/react/template-react-egg2/node_modules/egg-logrotator/app/schedule/rotate_by_file.js
2020-07-24 15:07:15,489 INFO 66342 [egg-schedule]: register schedule /Users/emmachen/private/react/template-react-egg2/node_modules/egg-multipart/app/schedule/clean_tmpdir.js
2020-07-24 15:07:15,489 INFO 66342 [egg-schedule]: register schedule /Users/emmachen/private/react/template-react-egg2/node_modules/egg-logrotator/app/schedule/clean_log.js
2020-07-24 15:07:15,489 INFO 66342 [egg-schedule]: register schedule /Users/emmachen/private/react/template-react-egg2/node_modules/egg-logrotator/app/schedule/rotate_by_file.js
