2020-07-24 14:08:27,259 INFO 59187 [egg:logger] init all loggers with options: {"dir":"/Users/emmachen/private/react/template-react-egg2/logs/template-react-egg2","encoding":"utf8","env":"local","level":"INFO","consoleLevel":"INFO","disableConsoleAfterReady":false,"outputJSON":false,"buffer":true,"appLogName":"template-react-egg2-web.log","coreLogName":"egg-web.log","agentLogName":"egg-agent.log","errorLogName":"common-error.log","coreLogger":{"consoleLevel":"WARN"},"allowDebugAtProd":false,"type":"application"}
2020-07-24 14:08:27,292 INFO 59187 [egg-multipart] stream mode enable
2020-07-24 14:08:29,936 INFO 59187 [egg-static] starting static serve /public/ -> /Users/emmachen/private/react/template-react-egg2/app/public
2020-07-24 14:08:29,962 INFO 59187 [egg-security] use csrf middleware
2020-07-24 14:08:29,969 INFO 59187 [egg-security] use methodnoallow middleware
2020-07-24 14:08:29,970 INFO 59187 [egg-security] use noopen middleware
2020-07-24 14:08:29,971 INFO 59187 [egg-security] use nosniff middleware
2020-07-24 14:08:29,971 INFO 59187 [egg-security] use xssProtection middleware
2020-07-24 14:08:29,972 INFO 59187 [egg-security] use xframe middleware
2020-07-24 14:08:29,972 INFO 59187 [egg-security] use dta middleware
2020-07-24 14:08:29,972 INFO 59187 [egg-security] compose 7 middlewares into one security middleware
2020-07-24 14:08:30,004 INFO 59187 [egg:core] dump config after load, 31ms
2020-07-24 14:08:30,025 INFO 59187 [egg-watcher:application] watcher start success
2020-07-24 14:08:30,033 INFO 59187 [egg:core] dump config after ready, 6ms
2020-07-24 14:18:20,818 INFO 60250 [egg:logger] init all loggers with options: {"dir":"/Users/emmachen/private/react/template-react-egg2/logs/template-react-egg2","encoding":"utf8","env":"local","level":"INFO","consoleLevel":"INFO","disableConsoleAfterReady":false,"outputJSON":false,"buffer":true,"appLogName":"template-react-egg2-web.log","coreLogName":"egg-web.log","agentLogName":"egg-agent.log","errorLogName":"common-error.log","coreLogger":{"consoleLevel":"WARN"},"allowDebugAtProd":false,"type":"application"}
2020-07-24 14:18:20,850 INFO 60250 [egg-multipart] stream mode enable
2020-07-24 14:18:20,919 INFO 60250 [egg-static] starting static serve /public/ -> /Users/emmachen/private/react/template-react-egg2/build
2020-07-24 14:18:20,922 INFO 60250 [egg-security] use csrf middleware
2020-07-24 14:18:20,923 INFO 60250 [egg-security] use methodnoallow middleware
2020-07-24 14:18:20,923 INFO 60250 [egg-security] use noopen middleware
2020-07-24 14:18:20,923 INFO 60250 [egg-security] use nosniff middleware
2020-07-24 14:18:20,924 INFO 60250 [egg-security] use xssProtection middleware
2020-07-24 14:18:20,924 INFO 60250 [egg-security] use xframe middleware
2020-07-24 14:18:20,924 INFO 60250 [egg-security] use dta middleware
2020-07-24 14:18:20,924 INFO 60250 [egg-security] compose 7 middlewares into one security middleware
2020-07-24 14:18:20,937 INFO 60250 [egg:core] dump config after load, 8ms
2020-07-24 14:18:20,954 INFO 60250 [egg-watcher:application] watcher start success
2020-07-24 14:18:20,960 INFO 60250 [egg:core] dump config after ready, 4ms
2020-07-24 14:47:11,248 INFO 63367 [egg:logger] init all loggers with options: {"dir":"/Users/emmachen/private/react/template-react-egg2/logs/template-react-egg2","encoding":"utf8","env":"local","level":"INFO","consoleLevel":"INFO","disableConsoleAfterReady":false,"outputJSON":false,"buffer":true,"appLogName":"template-react-egg2-web.log","coreLogName":"egg-web.log","agentLogName":"egg-agent.log","errorLogName":"common-error.log","coreLogger":{"consoleLevel":"WARN"},"allowDebugAtProd":false,"type":"application"}
2020-07-24 14:47:11,417 INFO 63367 [egg-multipart] stream mode enable
2020-07-24 14:47:12,588 INFO 63367 [egg-static] starting static serve /public/ -> /Users/emmachen/private/react/template-react-egg2/build
2020-07-24 14:47:12,591 INFO 63367 [egg-security] use csrf middleware
2020-07-24 14:47:12,591 INFO 63367 [egg-security] use methodnoallow middleware
2020-07-24 14:47:12,592 INFO 63367 [egg-security] use noopen middleware
2020-07-24 14:47:12,592 INFO 63367 [egg-security] use nosniff middleware
2020-07-24 14:47:12,592 INFO 63367 [egg-security] use xssProtection middleware
2020-07-24 14:47:12,593 INFO 63367 [egg-security] use xframe middleware
2020-07-24 14:47:12,630 INFO 63367 [egg-security] use dta middleware
2020-07-24 14:47:12,630 INFO 63367 [egg-security] compose 7 middlewares into one security middleware
2020-07-24 14:47:12,652 INFO 63367 [egg:core] dump config after load, 5ms
2020-07-24 14:47:12,666 INFO 63367 [egg-watcher:application] watcher start success
2020-07-24 14:47:12,700 INFO 63367 [egg:core] dump config after ready, 32ms
2020-07-24 14:48:36,846 INFO 63604 [egg:logger] init all loggers with options: {"dir":"/Users/emmachen/private/react/template-react-egg2/logs/template-react-egg2","encoding":"utf8","env":"local","level":"INFO","consoleLevel":"INFO","disableConsoleAfterReady":false,"outputJSON":false,"buffer":true,"appLogName":"template-react-egg2-web.log","coreLogName":"egg-web.log","agentLogName":"egg-agent.log","errorLogName":"common-error.log","coreLogger":{"consoleLevel":"WARN"},"allowDebugAtProd":false,"type":"application"}
2020-07-24 14:48:36,904 INFO 63604 [egg-multipart] stream mode enable
2020-07-24 14:48:36,956 INFO 63604 [egg-static] starting static serve /public/ -> /Users/emmachen/private/react/template-react-egg2/build
2020-07-24 14:48:36,958 INFO 63604 [egg-security] use csrf middleware
2020-07-24 14:48:36,959 INFO 63604 [egg-security] use methodnoallow middleware
2020-07-24 14:48:36,959 INFO 63604 [egg-security] use noopen middleware
2020-07-24 14:48:36,960 INFO 63604 [egg-security] use nosniff middleware
2020-07-24 14:48:36,960 INFO 63604 [egg-security] use xssProtection middleware
2020-07-24 14:48:36,960 INFO 63604 [egg-security] use xframe middleware
2020-07-24 14:48:36,960 INFO 63604 [egg-security] use dta middleware
2020-07-24 14:48:36,960 INFO 63604 [egg-security] compose 7 middlewares into one security middleware
2020-07-24 14:48:36,971 INFO 63604 [egg:core] dump config after load, 6ms
2020-07-24 14:48:36,991 INFO 63604 [egg-watcher:application] watcher start success
2020-07-24 14:48:37,036 INFO 63604 [egg:core] dump config after ready, 42ms
2020-07-24 14:48:38,154 INFO 63606 [egg:logger] init all loggers with options: {"dir":"/Users/emmachen/private/react/template-react-egg2/logs/template-react-egg2","encoding":"utf8","env":"local","level":"INFO","consoleLevel":"INFO","disableConsoleAfterReady":false,"outputJSON":false,"buffer":true,"appLogName":"template-react-egg2-web.log","coreLogName":"egg-web.log","agentLogName":"egg-agent.log","errorLogName":"common-error.log","coreLogger":{"consoleLevel":"WARN"},"allowDebugAtProd":false,"type":"application"}
2020-07-24 14:48:38,184 INFO 63606 [egg-multipart] stream mode enable
2020-07-24 14:48:38,243 INFO 63606 [egg-static] starting static serve /public/ -> /Users/emmachen/private/react/template-react-egg2/build
2020-07-24 14:48:38,246 INFO 63606 [egg-security] use csrf middleware
2020-07-24 14:48:38,248 INFO 63606 [egg-security] use methodnoallow middleware
2020-07-24 14:48:38,248 INFO 63606 [egg-security] use noopen middleware
2020-07-24 14:48:38,249 INFO 63606 [egg-security] use nosniff middleware
2020-07-24 14:48:38,249 INFO 63606 [egg-security] use xssProtection middleware
2020-07-24 14:48:38,252 INFO 63606 [egg-security] use xframe middleware
2020-07-24 14:48:38,252 INFO 63606 [egg-security] use dta middleware
2020-07-24 14:48:38,252 INFO 63606 [egg-security] compose 7 middlewares into one security middleware
2020-07-24 14:48:38,308 INFO 63606 [egg:core] dump config after load, 34ms
2020-07-24 14:48:38,343 INFO 63606 [egg-watcher:application] watcher start success
2020-07-24 14:48:38,355 INFO 63606 [egg:core] dump config after ready, 10ms
2020-07-24 15:07:15,339 INFO 66342 [egg:logger] init all loggers with options: {"dir":"/Users/emmachen/private/react/template-react-egg2/logs/template-react-egg2","encoding":"utf8","env":"local","level":"INFO","consoleLevel":"INFO","disableConsoleAfterReady":false,"outputJSON":false,"buffer":true,"appLogName":"template-react-egg2-web.log","coreLogName":"egg-web.log","agentLogName":"egg-agent.log","errorLogName":"common-error.log","coreLogger":{"consoleLevel":"WARN"},"allowDebugAtProd":false,"type":"application"}
2020-07-24 15:07:15,491 INFO 66342 [egg-multipart] stream mode enable
2020-07-24 15:07:15,853 INFO 66342 [egg-static] starting static serve /public/ -> /Users/emmachen/private/react/template-react-egg2/build
2020-07-24 15:07:15,864 INFO 66342 [egg-security] use csrf middleware
2020-07-24 15:07:15,865 INFO 66342 [egg-security] use methodnoallow middleware
2020-07-24 15:07:15,865 INFO 66342 [egg-security] use noopen middleware
2020-07-24 15:07:15,866 INFO 66342 [egg-security] use nosniff middleware
2020-07-24 15:07:15,867 INFO 66342 [egg-security] use xssProtection middleware
2020-07-24 15:07:15,867 INFO 66342 [egg-security] use xframe middleware
2020-07-24 15:07:15,868 INFO 66342 [egg-security] use dta middleware
2020-07-24 15:07:15,868 INFO 66342 [egg-security] compose 7 middlewares into one security middleware
2020-07-24 15:07:15,888 INFO 66342 [egg:core] dump config after load, 8ms
2020-07-24 15:07:15,906 INFO 66342 [egg-watcher:application] watcher start success
2020-07-24 15:07:15,913 INFO 66342 [egg:core] dump config after ready, 4ms
